<?xml version="1.0" encoding="UTF-8"?>
<!-- Generated by org.testng.reporters.JUnitReportReporter -->
<testsuite hostname="AmitPC" name="Academy.HomePage" tests="2" failures="0" timestamp="14 Jan 2021 16:20:56 GMT" time="14.821" errors="0">
  <testcase name="basePageNavigation" time="11.622" classname="Academy.HomePage"/>
  <testcase name="basePageNavigation" time="3.199" classname="Academy.HomePage"/>
</testsuite> <!-- Academy.HomePage -->
