<?xml version="1.0" encoding="UTF-8"?>
<!-- Generated by org.testng.reporters.JUnitReportReporter -->
<testsuite hostname="AmitPC" name="Academy.validateNavigationBar" tests="1" failures="0" timestamp="14 Jan 2021 16:20:56 GMT" time="0.056" errors="0">
  <testcase name="validateAppNavBar" time="0.056" classname="Academy.validateNavigationBar"/>
</testsuite> <!-- Academy.validateNavigationBar -->
