<?xml version="1.0" encoding="UTF-8"?>
<!-- Generated by org.testng.reporters.JUnitReportReporter -->
<testsuite hostname="AmitPC" name="Academy.AppTest" tests="1" failures="0" timestamp="17 Jan 2021 08:57:50 GMT" time="0.007" errors="0">
  <testcase name="testApp" time="0.007" classname="Academy.AppTest"/>
</testsuite> <!-- Academy.AppTest -->
