<?xml version="1.0" encoding="UTF-8"?>
<!-- Generated by org.testng.reporters.JUnitReportReporter -->
<testsuite hostname="AmitPC" name="com.app.E2E_Automation_Project.AppTest" tests="1" failures="0" timestamp="17 Jan 2021 08:57:50 GMT" time="0.000" errors="0">
  <testcase name="testApp" time="0.000" classname="com.app.E2E_Automation_Project.AppTest"/>
</testsuite> <!-- com.app.E2E_Automation_Project.AppTest -->
